<?xml version="1.0" encoding="UTF-8"?>
<testng-results ignored="0" total="1" passed="1" failed="0" skipped="0">
  <reporter-output>
  </reporter-output>
  <suite started-at="2024-03-18T12:59:06 IST" name="Default suite" finished-at="2024-03-18T12:59:11 IST" duration-ms="4855">
    <groups>
    </groups>
    <test started-at="2024-03-18T12:59:06 IST" name="Default test" finished-at="2024-03-18T12:59:11 IST" duration-ms="4855">
      <class name="Basic.organizationsTest">
        <test-method signature="createOrganizationsTest()[pri:0, instance:Basic.organizationsTest@59af0466]" started-at="2024-03-18T12:59:06 IST" name="createOrganizationsTest" finished-at="2024-03-18T12:59:10 IST" duration-ms="4787" status="PASS">
          <reporter-output>
          </reporter-output>
        </test-method> <!-- createOrganizationsTest -->
      </class> <!-- Basic.organizationsTest -->
    </test> <!-- Default test -->
  </suite> <!-- Default suite -->
</testng-results>
